\BOOKMARK [0][-]{chapter.1}{Theory}{}% 1
\BOOKMARK [1][-]{section.1.1}{Presentation of the problem}{chapter.1}% 2
\BOOKMARK [1][-]{section.1.2}{Spectral element method on non conforming meshes}{chapter.1}% 3
\BOOKMARK [2][-]{subsection.1.2.1}{Discretization of the domain}{section.1.2}% 4
\BOOKMARK [2][-]{subsection.1.2.2}{Discretization of equation 1.7}{section.1.2}% 5
\BOOKMARK [2][-]{subsection.1.2.3}{Basis functions on the reference element and Gauss-Lobatto-Legendre nodes}{section.1.2}% 6
\BOOKMARK [2][-]{subsection.1.2.4}{Global basis function}{section.1.2}% 7
\BOOKMARK [2][-]{subsection.1.2.5}{Computing the right-hand side}{section.1.2}% 8
\BOOKMARK [2][-]{subsection.1.2.6}{Computing a matrix-vector product}{section.1.2}% 9
\BOOKMARK [1][-]{section.1.3}{Preconditioned conjugate gradients}{chapter.1}% 10
\BOOKMARK [0][-]{chapter.2}{Results and discussion}{}% 11
\BOOKMARK [1][-]{section.2.1}{Multigrid}{chapter.2}% 12
\BOOKMARK [2][-]{subsection.2.1.1}{H-independent convergence}{section.2.1}% 13
\BOOKMARK [2][-]{subsection.2.1.2}{Influence of hanging nodes}{section.2.1}% 14
\BOOKMARK [1][-]{section.2.2}{Fine preconditioner}{chapter.2}% 15
\BOOKMARK [2][-]{subsection.2.2.1}{No hanging nodes}{section.2.2}% 16
\BOOKMARK [2][-]{subsection.2.2.2}{Influence of hanging nodes}{section.2.2}% 17
\BOOKMARK [1][-]{section.2.3}{Two scale preconditioner}{chapter.2}% 18
\BOOKMARK [2][-]{subsection.2.3.1}{No hanging nodes}{section.2.3}% 19
\BOOKMARK [2][-]{subsection.2.3.2}{Influence of hanging nodes}{section.2.3}% 20
\BOOKMARK [2][-]{subsection.2.3.3}{Most efficient degree to obtain a given accuracy}{section.2.3}% 21
\BOOKMARK [1][-]{section.2.4}{Conclusion}{chapter.2}% 22
